<?xml version="1.0" encoding="UTF-8"?>
<!-- Generated by org.testng.reporters.JUnitReportReporter -->
<testsuite hostname="DESKTOP-P8IFTE9" failures="0" tests="1" name="practise.AppiumFramework.Ecommerce_tc_4" time="52.802" errors="0" timestamp="2022-02-23T15:15:06 ART" skipped="0">
  <testcase classname="practise.AppiumFramework.Ecommerce_tc_4" name="totalValidation" time="52.802"/>
  <system-out/>
</testsuite> <!-- practise.AppiumFramework.Ecommerce_tc_4 -->
